[INFO] Scanning for projects...
[INFO] 
[INFO] ------------------------< sam_wen:cities-graph >------------------------
[INFO] Building cities-graph 0.0.1-SNAPSHOT
[INFO] --------------------------------[ jar ]---------------------------------
[INFO] 
[INFO] --- jacoco-maven-plugin:0.7.7.201606060606:prepare-agent (prepare-agent) @ cities-graph ---
[INFO] argLine set to -javaagent:/Users/sam/.m2/repository/org/jacoco/org.jacoco.agent/0.7.7.201606060606/org.jacoco.agent-0.7.7.201606060606-runtime.jar=destfile=/Users/sam/Workspace/cities-graph/target/jacoco.exec
[INFO] 
[INFO] --- maven-resources-plugin:3.1.0:resources (default-resources) @ cities-graph ---
[INFO] Using 'UTF-8' encoding to copy filtered resources.
[INFO] Copying 1 resource
[INFO] Copying 0 resource
[INFO] 
[INFO] --- maven-compiler-plugin:3.8.0:compile (default-compile) @ cities-graph ---
[INFO] Nothing to compile - all classes are up to date
[INFO] 
[INFO] --- maven-resources-plugin:3.1.0:testResources (default-testResources) @ cities-graph ---
[INFO] Using 'UTF-8' encoding to copy filtered resources.
[INFO] skip non existing resourceDirectory /Users/sam/Workspace/cities-graph/src/test/resources
[INFO] 
[INFO] --- maven-compiler-plugin:3.8.0:testCompile (default-testCompile) @ cities-graph ---
[INFO] Nothing to compile - all classes are up to date
[INFO] 
[INFO] --- maven-surefire-plugin:2.22.1:test (default-test) @ cities-graph ---
[INFO] 
[INFO] -------------------------------------------------------
[INFO]  T E S T S
[INFO] -------------------------------------------------------
[INFO] Running sam_wen.cities_graph.CitiesApplicationTest

  .   ____          _            __ _ _
 /\\ / ___'_ __ _ _(_)_ __  __ _ \ \ \ \
( ( )\___ | '_ | '_| | '_ \/ _` | \ \ \ \
 \\/  ___)| |_)| | | | | || (_| |  ) ) ) )
  '  |____| .__|_| |_|_| |_\__, | / / / /
 =========|_|==============|___/=/_/_/_/
 :: Spring Boot ::        (v2.1.3.RELEASE)

2019-02-24 16:51:18.584  INFO 9611 --- [           main] sam_wen.cities_graph.CitiesApplication   : Starting CitiesApplication on yoda with PID 9611 (started by sam in /Users/sam/Workspace/cities-graph)
2019-02-24 16:51:18.590 DEBUG 9611 --- [           main] sam_wen.cities_graph.CitiesApplication   : Running with Spring Boot v2.1.3.RELEASE, Spring v5.1.5.RELEASE
2019-02-24 16:51:18.591  INFO 9611 --- [           main] sam_wen.cities_graph.CitiesApplication   : No active profile set, falling back to default profiles: default
2019-02-24 16:51:21.311  INFO 9611 --- [           main] o.s.b.w.embedded.tomcat.TomcatWebServer  : Tomcat initialized with port(s): 8080 (http)
2019-02-24 16:51:21.370  INFO 9611 --- [           main] o.apache.catalina.core.StandardService   : Starting service [Tomcat]
2019-02-24 16:51:21.371  INFO 9611 --- [           main] org.apache.catalina.core.StandardEngine  : Starting Servlet engine: [Apache Tomcat/9.0.16]
2019-02-24 16:51:21.394  INFO 9611 --- [           main] o.a.catalina.core.AprLifecycleListener   : The APR based Apache Tomcat Native library which allows optimal performance in production environments was not found on the java.library.path: [/Users/sam/Library/Java/Extensions:/Library/Java/Extensions:/Network/Library/Java/Extensions:/System/Library/Java/Extensions:/usr/lib/java:.]
2019-02-24 16:51:21.559  INFO 9611 --- [           main] o.a.c.c.C.[Tomcat].[localhost].[/]       : Initializing Spring embedded WebApplicationContext
2019-02-24 16:51:21.560  INFO 9611 --- [           main] o.s.web.context.ContextLoader            : Root WebApplicationContext: initialization completed in 2887 ms
2019-02-24 16:51:21.679 TRACE 9611 --- [           main] s.c.ReadCitiesServiceFromFile            : read OK lines = 4; read Error lines = 0
2019-02-24 16:51:22.281  INFO 9611 --- [           main] pertySourcedRequestMappingHandlerMapping : Mapped URL path [/v2/api-docs] onto method [public org.springframework.http.ResponseEntity<springfox.documentation.spring.web.json.Json> springfox.documentation.swagger2.web.Swagger2Controller.getDocumentation(java.lang.String,javax.servlet.http.HttpServletRequest)]
2019-02-24 16:51:22.507  INFO 9611 --- [           main] o.s.s.concurrent.ThreadPoolTaskExecutor  : Initializing ExecutorService 'applicationTaskExecutor'
2019-02-24 16:51:22.810  INFO 9611 --- [           main] d.s.w.p.DocumentationPluginsBootstrapper : Context refreshed
2019-02-24 16:51:22.871  INFO 9611 --- [           main] d.s.w.p.DocumentationPluginsBootstrapper : Found 1 custom documentation plugin(s)
2019-02-24 16:51:22.908  INFO 9611 --- [           main] s.d.s.w.s.ApiListingReferenceScanner     : Scanning for api listing references
2019-02-24 16:51:23.146  INFO 9611 --- [           main] o.s.b.w.embedded.tomcat.TomcatWebServer  : Tomcat started on port(s): 8080 (http) with context path ''
2019-02-24 16:51:23.152  INFO 9611 --- [           main] sam_wen.cities_graph.CitiesApplication   : Started CitiesApplication in 5.389 seconds (JVM running for 6.617)
[INFO] Tests run: 1, Failures: 0, Errors: 0, Skipped: 0, Time elapsed: 5.823 s - in sam_wen.cities_graph.CitiesApplicationTest
[INFO] Running sam_wen.cities_graph.HttpRequestTest
2019-02-24 16:51:23.201  INFO 9611 --- [           main] .b.t.c.SpringBootTestContextBootstrapper : Neither @ContextConfiguration nor @ContextHierarchy found for test class [sam_wen.cities_graph.HttpRequestTest], using SpringBootContextLoader
2019-02-24 16:51:23.203  INFO 9611 --- [           main] o.s.t.c.support.AbstractContextLoader    : Could not detect default resource locations for test class [sam_wen.cities_graph.HttpRequestTest]: no resource found for suffixes {-context.xml, Context.groovy}.
2019-02-24 16:51:23.205  INFO 9611 --- [           main] t.c.s.AnnotationConfigContextLoaderUtils : Could not detect default configuration classes for test class [sam_wen.cities_graph.HttpRequestTest]: HttpRequestTest does not declare any static, non-private, non-final, nested classes annotated with @Configuration.
2019-02-24 16:51:23.292  INFO 9611 --- [           main] .b.t.c.SpringBootTestContextBootstrapper : Found @SpringBootConfiguration sam_wen.cities_graph.CitiesApplication for test class sam_wen.cities_graph.HttpRequestTest
2019-02-24 16:51:23.299  INFO 9611 --- [           main] .b.t.c.SpringBootTestContextBootstrapper : Loaded default TestExecutionListener class names from location [META-INF/spring.factories]: [org.springframework.boot.test.mock.mockito.MockitoTestExecutionListener, org.springframework.boot.test.mock.mockito.ResetMocksTestExecutionListener, org.springframework.boot.test.autoconfigure.restdocs.RestDocsTestExecutionListener, org.springframework.boot.test.autoconfigure.web.client.MockRestServiceServerResetTestExecutionListener, org.springframework.boot.test.autoconfigure.web.servlet.MockMvcPrintOnlyOnFailureTestExecutionListener, org.springframework.boot.test.autoconfigure.web.servlet.WebDriverTestExecutionListener, org.springframework.test.context.web.ServletTestExecutionListener, org.springframework.test.context.support.DirtiesContextBeforeModesTestExecutionListener, org.springframework.test.context.support.DependencyInjectionTestExecutionListener, org.springframework.test.context.support.DirtiesContextTestExecutionListener, org.springframework.test.context.transaction.TransactionalTestExecutionListener, org.springframework.test.context.jdbc.SqlScriptsTestExecutionListener]
2019-02-24 16:51:23.318  INFO 9611 --- [           main] .b.t.c.SpringBootTestContextBootstrapper : Using TestExecutionListeners: [org.springframework.test.context.web.ServletTestExecutionListener@54e1dc9a, org.springframework.test.context.support.DirtiesContextBeforeModesTestExecutionListener@7eecccfb, org.springframework.boot.test.mock.mockito.MockitoTestExecutionListener@3e871f3, org.springframework.boot.test.autoconfigure.SpringBootDependencyInjectionTestExecutionListener@2aa43b2e, org.springframework.test.context.support.DirtiesContextTestExecutionListener@707b37ec, org.springframework.boot.test.mock.mockito.ResetMocksTestExecutionListener@6868b60c, org.springframework.boot.test.autoconfigure.restdocs.RestDocsTestExecutionListener@28cf351b, org.springframework.boot.test.autoconfigure.web.client.MockRestServiceServerResetTestExecutionListener@23b91667, org.springframework.boot.test.autoconfigure.web.servlet.MockMvcPrintOnlyOnFailureTestExecutionListener@a5491ab, org.springframework.boot.test.autoconfigure.web.servlet.WebDriverTestExecutionListener@27a18e3b]

  .   ____          _            __ _ _
 /\\ / ___'_ __ _ _(_)_ __  __ _ \ \ \ \
( ( )\___ | '_ | '_| | '_ \/ _` | \ \ \ \
 \\/  ___)| |_)| | | | | || (_| |  ) ) ) )
  '  |____| .__|_| |_|_| |_\__, | / / / /
 =========|_|==============|___/=/_/_/_/
 :: Spring Boot ::        (v2.1.3.RELEASE)

2019-02-24 16:51:23.375  INFO 9611 --- [           main] sam_wen.cities_graph.HttpRequestTest     : Starting HttpRequestTest on yoda with PID 9611 (started by sam in /Users/sam/Workspace/cities-graph)
2019-02-24 16:51:23.375 DEBUG 9611 --- [           main] sam_wen.cities_graph.HttpRequestTest     : Running with Spring Boot v2.1.3.RELEASE, Spring v5.1.5.RELEASE
2019-02-24 16:51:23.376  INFO 9611 --- [           main] sam_wen.cities_graph.HttpRequestTest     : No active profile set, falling back to default profiles: default
2019-02-24 16:51:23.871  INFO 9611 --- [           main] o.s.b.w.embedded.tomcat.TomcatWebServer  : Tomcat initialized with port(s): 0 (http)
2019-02-24 16:51:23.873  INFO 9611 --- [           main] o.apache.catalina.core.StandardService   : Starting service [Tomcat]
2019-02-24 16:51:23.873  INFO 9611 --- [           main] org.apache.catalina.core.StandardEngine  : Starting Servlet engine: [Apache Tomcat/9.0.16]
2019-02-24 16:51:23.878  INFO 9611 --- [           main] o.a.c.c.C.[Tomcat-1].[localhost].[/]     : Initializing Spring embedded WebApplicationContext
2019-02-24 16:51:23.878  INFO 9611 --- [           main] o.s.web.context.ContextLoader            : Root WebApplicationContext: initialization completed in 498 ms
2019-02-24 16:51:23.973 TRACE 9611 --- [           main] s.c.ReadCitiesServiceFromFile            : read OK lines = 4; read Error lines = 0
2019-02-24 16:51:24.354  INFO 9611 --- [           main] pertySourcedRequestMappingHandlerMapping : Mapped URL path [/v2/api-docs] onto method [public org.springframework.http.ResponseEntity<springfox.documentation.spring.web.json.Json> springfox.documentation.swagger2.web.Swagger2Controller.getDocumentation(java.lang.String,javax.servlet.http.HttpServletRequest)]
2019-02-24 16:51:24.545  INFO 9611 --- [           main] o.s.s.concurrent.ThreadPoolTaskExecutor  : Initializing ExecutorService 'applicationTaskExecutor'
2019-02-24 16:51:24.703  INFO 9611 --- [           main] d.s.w.p.DocumentationPluginsBootstrapper : Context refreshed
2019-02-24 16:51:24.705  INFO 9611 --- [           main] d.s.w.p.DocumentationPluginsBootstrapper : Found 1 custom documentation plugin(s)
2019-02-24 16:51:24.710  INFO 9611 --- [           main] s.d.s.w.s.ApiListingReferenceScanner     : Scanning for api listing references
2019-02-24 16:51:24.731  INFO 9611 --- [           main] o.s.b.w.embedded.tomcat.TomcatWebServer  : Tomcat started on port(s): 63961 (http) with context path ''
2019-02-24 16:51:24.732  INFO 9611 --- [           main] sam_wen.cities_graph.HttpRequestTest     : Started HttpRequestTest in 1.398 seconds (JVM running for 8.196)
2019-02-24 16:51:25.145  INFO 9611 --- [o-auto-1-exec-1] o.a.c.c.C.[Tomcat-1].[localhost].[/]     : Initializing Spring DispatcherServlet 'dispatcherServlet'
2019-02-24 16:51:25.145  INFO 9611 --- [o-auto-1-exec-1] o.s.web.servlet.DispatcherServlet        : Initializing Servlet 'dispatcherServlet'
2019-02-24 16:51:25.183  INFO 9611 --- [o-auto-1-exec-1] o.s.web.servlet.DispatcherServlet        : Completed initialization in 37 ms
2019-02-24 16:51:25.260 ERROR 9611 --- [o-auto-1-exec-1] sam_wen.cities_graph.CitiesErrorHandler  : /error condition
2019-02-24 16:51:25.438  WARN 9611 --- [o-auto-1-exec-2] .w.s.m.s.DefaultHandlerExceptionResolver : Resolved [org.springframework.web.bind.MissingServletRequestParameterException: Required String parameter 'origin' is not present]
2019-02-24 16:51:25.439 ERROR 9611 --- [o-auto-1-exec-2] sam_wen.cities_graph.CitiesErrorHandler  : /error condition
2019-02-24 16:51:25.503  WARN 9611 --- [o-auto-1-exec-6] .w.s.m.s.DefaultHandlerExceptionResolver : Resolved [org.springframework.web.bind.MissingServletRequestParameterException: Required String parameter 'destination' is not present]
2019-02-24 16:51:25.504 ERROR 9611 --- [o-auto-1-exec-6] sam_wen.cities_graph.CitiesErrorHandler  : /error condition
2019-02-24 16:51:25.515  WARN 9611 --- [o-auto-1-exec-7] .w.s.m.s.DefaultHandlerExceptionResolver : Resolved [org.springframework.web.bind.MissingServletRequestParameterException: Required String parameter 'origin' is not present]
2019-02-24 16:51:25.516 ERROR 9611 --- [o-auto-1-exec-7] sam_wen.cities_graph.CitiesErrorHandler  : /error condition
2019-02-24 16:51:25.561 ERROR 9611 --- [o-auto-1-exec-8] sam_wen.cities_graph.AdjacencyListGraph  : destination is empty
2019-02-24 16:51:25.572 ERROR 9611 --- [o-auto-1-exec-9] sam_wen.cities_graph.AdjacencyListGraph  : origin is empty
[INFO] Tests run: 9, Failures: 0, Errors: 0, Skipped: 0, Time elapsed: 2.384 s - in sam_wen.cities_graph.HttpRequestTest
[INFO] Running sam_wen.cities_graph.AdjacencyListGraphTest
2019-02-24 16:51:25.581 ERROR 9611 --- [           main] sam_wen.cities_graph.AdjacencyListGraph  : origin is null
2019-02-24 16:51:25.581 ERROR 9611 --- [           main] sam_wen.cities_graph.AdjacencyListGraph  : origin is empty
2019-02-24 16:51:25.581 ERROR 9611 --- [           main] sam_wen.cities_graph.AdjacencyListGraph  : destination is null
2019-02-24 16:51:25.581 ERROR 9611 --- [           main] sam_wen.cities_graph.AdjacencyListGraph  : destination is empty
2019-02-24 16:51:25.581 ERROR 9611 --- [           main] sam_wen.cities_graph.AdjacencyListGraph  : destination is the same as origin
2019-02-24 16:51:25.582 ERROR 9611 --- [           main] sam_wen.cities_graph.AdjacencyListGraph  : origin is null
2019-02-24 16:51:25.582 ERROR 9611 --- [           main] sam_wen.cities_graph.AdjacencyListGraph  : origin is empty
2019-02-24 16:51:25.582 ERROR 9611 --- [           main] sam_wen.cities_graph.AdjacencyListGraph  : destination is null
2019-02-24 16:51:25.583 ERROR 9611 --- [           main] sam_wen.cities_graph.AdjacencyListGraph  : destination is empty
[INFO] Tests run: 4, Failures: 0, Errors: 0, Skipped: 0, Time elapsed: 0.016 s - in sam_wen.cities_graph.AdjacencyListGraphTest
[INFO] Running sam_wen.cities_graph.CitiesErrorHandlerTest
2019-02-24 16:51:25.586  INFO 9611 --- [           main] .b.t.c.SpringBootTestContextBootstrapper : Neither @ContextConfiguration nor @ContextHierarchy found for test class [sam_wen.cities_graph.CitiesErrorHandlerTest], using SpringBootContextLoader
2019-02-24 16:51:25.587  INFO 9611 --- [           main] o.s.t.c.support.AbstractContextLoader    : Could not detect default resource locations for test class [sam_wen.cities_graph.CitiesErrorHandlerTest]: no resource found for suffixes {-context.xml, Context.groovy}.
2019-02-24 16:51:25.587  INFO 9611 --- [           main] t.c.s.AnnotationConfigContextLoaderUtils : Could not detect default configuration classes for test class [sam_wen.cities_graph.CitiesErrorHandlerTest]: CitiesErrorHandlerTest does not declare any static, non-private, non-final, nested classes annotated with @Configuration.
2019-02-24 16:51:25.590  INFO 9611 --- [           main] .b.t.c.SpringBootTestContextBootstrapper : Found @SpringBootConfiguration sam_wen.cities_graph.CitiesApplication for test class sam_wen.cities_graph.CitiesErrorHandlerTest
2019-02-24 16:51:25.591  INFO 9611 --- [           main] .b.t.c.SpringBootTestContextBootstrapper : Loaded default TestExecutionListener class names from location [META-INF/spring.factories]: [org.springframework.boot.test.mock.mockito.MockitoTestExecutionListener, org.springframework.boot.test.mock.mockito.ResetMocksTestExecutionListener, org.springframework.boot.test.autoconfigure.restdocs.RestDocsTestExecutionListener, org.springframework.boot.test.autoconfigure.web.client.MockRestServiceServerResetTestExecutionListener, org.springframework.boot.test.autoconfigure.web.servlet.MockMvcPrintOnlyOnFailureTestExecutionListener, org.springframework.boot.test.autoconfigure.web.servlet.WebDriverTestExecutionListener, org.springframework.test.context.web.ServletTestExecutionListener, org.springframework.test.context.support.DirtiesContextBeforeModesTestExecutionListener, org.springframework.test.context.support.DependencyInjectionTestExecutionListener, org.springframework.test.context.support.DirtiesContextTestExecutionListener, org.springframework.test.context.transaction.TransactionalTestExecutionListener, org.springframework.test.context.jdbc.SqlScriptsTestExecutionListener]
2019-02-24 16:51:25.593  INFO 9611 --- [           main] .b.t.c.SpringBootTestContextBootstrapper : Using TestExecutionListeners: [org.springframework.test.context.web.ServletTestExecutionListener@46cd34a, org.springframework.test.context.support.DirtiesContextBeforeModesTestExecutionListener@1a5fdcae, org.springframework.boot.test.mock.mockito.MockitoTestExecutionListener@26f0d31c, org.springframework.boot.test.autoconfigure.SpringBootDependencyInjectionTestExecutionListener@3db4ba49, org.springframework.test.context.support.DirtiesContextTestExecutionListener@5fa0c836, org.springframework.boot.test.mock.mockito.ResetMocksTestExecutionListener@3b7ec5c0, org.springframework.boot.test.autoconfigure.restdocs.RestDocsTestExecutionListener@1bb68980, org.springframework.boot.test.autoconfigure.web.client.MockRestServiceServerResetTestExecutionListener@3481e4d, org.springframework.boot.test.autoconfigure.web.servlet.MockMvcPrintOnlyOnFailureTestExecutionListener@5a70976a, org.springframework.boot.test.autoconfigure.web.servlet.WebDriverTestExecutionListener@176d0921]

  .   ____          _            __ _ _
 /\\ / ___'_ __ _ _(_)_ __  __ _ \ \ \ \
( ( )\___ | '_ | '_| | '_ \/ _` | \ \ \ \
 \\/  ___)| |_)| | | | | || (_| |  ) ) ) )
  '  |____| .__|_| |_|_| |_\__, | / / / /
 =========|_|==============|___/=/_/_/_/
 :: Spring Boot ::        (v2.1.3.RELEASE)

2019-02-24 16:51:25.637  INFO 9611 --- [           main] s.cities_graph.CitiesErrorHandlerTest    : Starting CitiesErrorHandlerTest on yoda with PID 9611 (started by sam in /Users/sam/Workspace/cities-graph)
2019-02-24 16:51:25.638 DEBUG 9611 --- [           main] s.cities_graph.CitiesErrorHandlerTest    : Running with Spring Boot v2.1.3.RELEASE, Spring v5.1.5.RELEASE
2019-02-24 16:51:25.638  INFO 9611 --- [           main] s.cities_graph.CitiesErrorHandlerTest    : No active profile set, falling back to default profiles: default
2019-02-24 16:51:26.021 TRACE 9611 --- [           main] s.c.ReadCitiesServiceFromFile            : read OK lines = 4; read Error lines = 0
2019-02-24 16:51:26.360  INFO 9611 --- [           main] pertySourcedRequestMappingHandlerMapping : Mapped URL path [/v2/api-docs] onto method [public org.springframework.http.ResponseEntity<springfox.documentation.spring.web.json.Json> springfox.documentation.swagger2.web.Swagger2Controller.getDocumentation(java.lang.String,javax.servlet.http.HttpServletRequest)]
2019-02-24 16:51:26.593  INFO 9611 --- [           main] o.s.s.concurrent.ThreadPoolTaskExecutor  : Initializing ExecutorService 'applicationTaskExecutor'
2019-02-24 16:51:26.724  INFO 9611 --- [           main] d.s.w.p.DocumentationPluginsBootstrapper : Context refreshed
2019-02-24 16:51:26.725  INFO 9611 --- [           main] d.s.w.p.DocumentationPluginsBootstrapper : Found 1 custom documentation plugin(s)
2019-02-24 16:51:26.731  INFO 9611 --- [           main] s.d.s.w.s.ApiListingReferenceScanner     : Scanning for api listing references
2019-02-24 16:51:26.749  INFO 9611 --- [           main] s.cities_graph.CitiesErrorHandlerTest    : Started CitiesErrorHandlerTest in 1.144 seconds (JVM running for 10.214)
2019-02-24 16:51:27.272 ERROR 9611 --- [           main] sam_wen.cities_graph.CitiesErrorHandler  : /error condition
[INFO] Tests run: 2, Failures: 0, Errors: 0, Skipped: 0, Time elapsed: 1.667 s - in sam_wen.cities_graph.CitiesErrorHandlerTest
[INFO] Running sam_wen.cities_graph.ReadCitiesServiceFromFileTest
2019-02-24 16:51:27.277 TRACE 9611 --- [           main] s.c.ReadCitiesServiceFromFile            : read OK lines = 4; read Error lines = 0
2019-02-24 16:51:27.278 ERROR 9611 --- [           main] s.c.ReadCitiesServiceFromFile            : line 6: format invalid - 
2019-02-24 16:51:27.278 ERROR 9611 --- [           main] s.c.ReadCitiesServiceFromFile            : line 7: format invalid - e
2019-02-24 16:51:27.278 ERROR 9611 --- [           main] s.c.ReadCitiesServiceFromFile            : line 8: format invalid, the first string is empty - , f
2019-02-24 16:51:27.279 ERROR 9611 --- [           main] s.c.ReadCitiesServiceFromFile            : line 9: format invalid - f,
2019-02-24 16:51:27.279 ERROR 9611 --- [           main] s.c.ReadCitiesServiceFromFile            : line 10: format invalid, the second string is empty - f,   
2019-02-24 16:51:27.279 ERROR 9611 --- [           main] s.c.ReadCitiesServiceFromFile            : line 11: format invalid - 
2019-02-24 16:51:27.279 ERROR 9611 --- [           main] s.c.ReadCitiesServiceFromFile            : line 12: format invalid - 
2019-02-24 16:51:27.279 TRACE 9611 --- [           main] s.c.ReadCitiesServiceFromFile            : read OK lines = 5; read Error lines = 7
2019-02-24 16:51:27.280 ERROR 9611 --- [           main] s.c.ReadCitiesServiceFromFile            : not-existed.txt (No such file or directory) filepath = /Users/sam/Workspace/cities-graph/not-existed.txt
2019-02-24 16:51:27.280 TRACE 9611 --- [           main] s.c.ReadCitiesServiceFromFile            : read OK lines = 0; read Error lines = 0
2019-02-24 16:51:27.280 ERROR 9611 --- [           main] s.c.ReadCitiesServiceFromFile            : failed to read any data from /Users/sam/Workspace/cities-graph/./test/empty.txt
2019-02-24 16:51:27.329 TRACE 9611 --- [           main] s.c.ReadCitiesServiceFromFile            : read OK lines = 0; read Error lines = 4
2019-02-24 16:51:27.329 ERROR 9611 --- [           main] s.c.ReadCitiesServiceFromFile            : failed to read any data from /Users/sam/Workspace/cities-graph/test/city.txt
[INFO] Tests run: 5, Failures: 0, Errors: 0, Skipped: 0, Time elapsed: 0.051 s - in sam_wen.cities_graph.ReadCitiesServiceFromFileTest
[INFO] Running sam_wen.cities_graph.CitiesControllerTest
2019-02-24 16:51:27.331  INFO 9611 --- [           main] .b.t.c.SpringBootTestContextBootstrapper : Neither @ContextConfiguration nor @ContextHierarchy found for test class [sam_wen.cities_graph.CitiesControllerTest], using SpringBootContextLoader
2019-02-24 16:51:27.332  INFO 9611 --- [           main] o.s.t.c.support.AbstractContextLoader    : Could not detect default resource locations for test class [sam_wen.cities_graph.CitiesControllerTest]: no resource found for suffixes {-context.xml, Context.groovy}.
2019-02-24 16:51:27.332  INFO 9611 --- [           main] t.c.s.AnnotationConfigContextLoaderUtils : Could not detect default configuration classes for test class [sam_wen.cities_graph.CitiesControllerTest]: CitiesControllerTest does not declare any static, non-private, non-final, nested classes annotated with @Configuration.
2019-02-24 16:51:27.333  INFO 9611 --- [           main] .b.t.c.SpringBootTestContextBootstrapper : Found @SpringBootConfiguration sam_wen.cities_graph.CitiesApplication for test class sam_wen.cities_graph.CitiesControllerTest
2019-02-24 16:51:27.335  INFO 9611 --- [           main] .b.t.c.SpringBootTestContextBootstrapper : Loaded default TestExecutionListener class names from location [META-INF/spring.factories]: [org.springframework.boot.test.mock.mockito.MockitoTestExecutionListener, org.springframework.boot.test.mock.mockito.ResetMocksTestExecutionListener, org.springframework.boot.test.autoconfigure.restdocs.RestDocsTestExecutionListener, org.springframework.boot.test.autoconfigure.web.client.MockRestServiceServerResetTestExecutionListener, org.springframework.boot.test.autoconfigure.web.servlet.MockMvcPrintOnlyOnFailureTestExecutionListener, org.springframework.boot.test.autoconfigure.web.servlet.WebDriverTestExecutionListener, org.springframework.test.context.web.ServletTestExecutionListener, org.springframework.test.context.support.DirtiesContextBeforeModesTestExecutionListener, org.springframework.test.context.support.DependencyInjectionTestExecutionListener, org.springframework.test.context.support.DirtiesContextTestExecutionListener, org.springframework.test.context.transaction.TransactionalTestExecutionListener, org.springframework.test.context.jdbc.SqlScriptsTestExecutionListener]
2019-02-24 16:51:27.336  INFO 9611 --- [           main] .b.t.c.SpringBootTestContextBootstrapper : Using TestExecutionListeners: [org.springframework.test.context.web.ServletTestExecutionListener@21225732, org.springframework.test.context.support.DirtiesContextBeforeModesTestExecutionListener@5d4f92a, org.springframework.boot.test.mock.mockito.MockitoTestExecutionListener@71307275, org.springframework.boot.test.autoconfigure.SpringBootDependencyInjectionTestExecutionListener@336cc9db, org.springframework.test.context.support.DirtiesContextTestExecutionListener@c49343, org.springframework.boot.test.mock.mockito.ResetMocksTestExecutionListener@227b27d8, org.springframework.boot.test.autoconfigure.restdocs.RestDocsTestExecutionListener@502a4a38, org.springframework.boot.test.autoconfigure.web.client.MockRestServiceServerResetTestExecutionListener@55d73f7, org.springframework.boot.test.autoconfigure.web.servlet.MockMvcPrintOnlyOnFailureTestExecutionListener@2127a694, org.springframework.boot.test.autoconfigure.web.servlet.WebDriverTestExecutionListener@5a19008f]
2019-02-24 16:51:27.343 ERROR 9611 --- [           main] sam_wen.cities_graph.AdjacencyListGraph  : origin is empty
2019-02-24 16:51:27.347 ERROR 9611 --- [           main] sam_wen.cities_graph.AdjacencyListGraph  : origin is empty
2019-02-24 16:51:27.351 ERROR 9611 --- [           main] sam_wen.cities_graph.AdjacencyListGraph  : origin is null
[INFO] Tests run: 7, Failures: 0, Errors: 0, Skipped: 0, Time elapsed: 0.041 s - in sam_wen.cities_graph.CitiesControllerTest
[INFO] Running sam_wen.cities_graph.CitiesConfigurationTest
2019-02-24 16:51:27.361  INFO 9611 --- [           main] .b.t.c.SpringBootTestContextBootstrapper : Neither @ContextConfiguration nor @ContextHierarchy found for test class [sam_wen.cities_graph.CitiesConfigurationTest], using SpringBootContextLoader
2019-02-24 16:51:27.361  INFO 9611 --- [           main] o.s.t.c.support.AbstractContextLoader    : Could not detect default resource locations for test class [sam_wen.cities_graph.CitiesConfigurationTest]: no resource found for suffixes {-context.xml, Context.groovy}.
2019-02-24 16:51:27.362  INFO 9611 --- [           main] t.c.s.AnnotationConfigContextLoaderUtils : Could not detect default configuration classes for test class [sam_wen.cities_graph.CitiesConfigurationTest]: CitiesConfigurationTest does not declare any static, non-private, non-final, nested classes annotated with @Configuration.
2019-02-24 16:51:27.363  INFO 9611 --- [           main] .b.t.c.SpringBootTestContextBootstrapper : Found @SpringBootConfiguration sam_wen.cities_graph.CitiesApplication for test class sam_wen.cities_graph.CitiesConfigurationTest
2019-02-24 16:51:27.364  INFO 9611 --- [           main] .b.t.c.SpringBootTestContextBootstrapper : Loaded default TestExecutionListener class names from location [META-INF/spring.factories]: [org.springframework.boot.test.mock.mockito.MockitoTestExecutionListener, org.springframework.boot.test.mock.mockito.ResetMocksTestExecutionListener, org.springframework.boot.test.autoconfigure.restdocs.RestDocsTestExecutionListener, org.springframework.boot.test.autoconfigure.web.client.MockRestServiceServerResetTestExecutionListener, org.springframework.boot.test.autoconfigure.web.servlet.MockMvcPrintOnlyOnFailureTestExecutionListener, org.springframework.boot.test.autoconfigure.web.servlet.WebDriverTestExecutionListener, org.springframework.test.context.web.ServletTestExecutionListener, org.springframework.test.context.support.DirtiesContextBeforeModesTestExecutionListener, org.springframework.test.context.support.DependencyInjectionTestExecutionListener, org.springframework.test.context.support.DirtiesContextTestExecutionListener, org.springframework.test.context.transaction.TransactionalTestExecutionListener, org.springframework.test.context.jdbc.SqlScriptsTestExecutionListener]
2019-02-24 16:51:27.365  INFO 9611 --- [           main] .b.t.c.SpringBootTestContextBootstrapper : Using TestExecutionListeners: [org.springframework.test.context.web.ServletTestExecutionListener@38cc8baa, org.springframework.test.context.support.DirtiesContextBeforeModesTestExecutionListener@672035c7, org.springframework.boot.test.mock.mockito.MockitoTestExecutionListener@367f3fe5, org.springframework.boot.test.autoconfigure.SpringBootDependencyInjectionTestExecutionListener@351e16c, org.springframework.test.context.support.DirtiesContextTestExecutionListener@5f9cab77, org.springframework.boot.test.mock.mockito.ResetMocksTestExecutionListener@3974234e, org.springframework.boot.test.autoconfigure.restdocs.RestDocsTestExecutionListener@76bbb392, org.springframework.boot.test.autoconfigure.web.client.MockRestServiceServerResetTestExecutionListener@7a6d66a8, org.springframework.boot.test.autoconfigure.web.servlet.MockMvcPrintOnlyOnFailureTestExecutionListener@4010ad81, org.springframework.boot.test.autoconfigure.web.servlet.WebDriverTestExecutionListener@58e6989e]
[INFO] Tests run: 1, Failures: 0, Errors: 0, Skipped: 0, Time elapsed: 0.034 s - in sam_wen.cities_graph.CitiesConfigurationTest
2019-02-24 16:51:27.441  INFO 9611 --- [       Thread-7] o.s.s.concurrent.ThreadPoolTaskExecutor  : Shutting down ExecutorService 'applicationTaskExecutor'
2019-02-24 16:51:27.441  INFO 9611 --- [       Thread-9] o.s.s.concurrent.ThreadPoolTaskExecutor  : Shutting down ExecutorService 'applicationTaskExecutor'
2019-02-24 16:51:27.441  INFO 9611 --- [       Thread-4] o.s.s.concurrent.ThreadPoolTaskExecutor  : Shutting down ExecutorService 'applicationTaskExecutor'
[INFO] 
[INFO] Results:
[INFO] 
[INFO] Tests run: 29, Failures: 0, Errors: 0, Skipped: 0
[INFO] 
[INFO] 
[INFO] --- jacoco-maven-plugin:0.7.7.201606060606:report (post-unit-test) @ cities-graph ---
[INFO] Loading execution data file /Users/sam/Workspace/cities-graph/target/jacoco.exec
[INFO] Analyzed bundle 'cities-graph' with 6 classes
[INFO] ------------------------------------------------------------------------
[INFO] BUILD SUCCESS
[INFO] ------------------------------------------------------------------------
[INFO] Total time:  15.246 s
[INFO] Finished at: 2019-02-24T16:51:28-05:00
[INFO] ------------------------------------------------------------------------
